<?xml version="1.0" encoding="UTF-8"?>
<robot generator="Robot 4.1.1 (Python 3.7.5 on win32)" generated="20210916 18:13:11.805" rpa="false" schemaversion="2">
<suite id="s1" name="Robot Scratchpad" source="c:\Users\topia\.vscode\extensions\robocorp.robotframework-lsp-0.22.0\src\robotframework_ls\vendored\robotframework_interactive\robot_scratchpad.robot">
<test id="s1-t1" name="Default Task/Test">
<kw name="Interpreter Main Loop" library="MainLoop">
<status status="PASS" starttime="20210916 18:13:11.851" endtime="20210916 18:13:16.851"/>
</kw>
<status status="PASS" starttime="20210916 18:13:11.851" endtime="20210916 18:13:16.851"/>
</test>
<status status="PASS" starttime="20210916 18:13:11.809" endtime="20210916 18:13:16.852"/>
</suite>
<statistics>
<total>
<stat pass="1" fail="0" skip="0">All Tests</stat>
</total>
<tag>
</tag>
<suite>
<stat pass="1" fail="0" skip="0" id="s1" name="Robot Scratchpad">Robot Scratchpad</stat>
</suite>
</statistics>
<errors>
</errors>
</robot>
